<?xml version="1.0" encoding="UTF-8"?>
<!-- Generated by org.testng.reporters.JUnitXMLReporter -->
<testsuite hostname="VINOTH" ignored="0" name="Default test" tests="3" failures="0" timestamp="2023-01-23T14:23:13 IST" time="33.083" errors="0">
  <testcase name="loginScenario" time="10.21" classname="com.TestNG_Aug.DataProviderAnnotation"/>
  <testcase name="loginScenario" time="14.42" classname="com.TestNG_Aug.DataProviderAnnotation"/>
  <testcase name="loginScenario" time="8.311" classname="com.TestNG_Aug.DataProviderAnnotation"/>
</testsuite> <!-- Default test -->
