<?xml version="1.0" encoding="UTF-8"?>
<!-- Generated by org.testng.reporters.JUnitXMLReporter -->
<testsuite hostname="VINOTH" ignored="5" name="Test" tests="7" failures="0" timestamp="2023-01-25T06:19:43 IST" time="0.193" errors="0">
  <testcase name="Instagram" time="0.025" classname="com.TestNG_Aug.Grouping"/>
  <testcase name="Twitter" time="0.008" classname="com.TestNG_Aug.Grouping"/>
  <testcase name="Youtube" time="0.003" classname="com.TestNG_Aug.Grouping"/>
  <testcase name="chessGame" time="0.003" classname="com.TestNG_Aug.Grouping"/>
  <testcase name="criket" time="0.005" classname="com.TestNG_Aug.Grouping"/>
  <testcase name="faceBook" time="0.004" classname="com.TestNG_Aug.Grouping"/>
  <testcase name="foodBall" time="0.005" classname="com.TestNG_Aug.Grouping"/>
  <testcase name="apiTesting" time="0.0" classname="com.TestNG_Aug.Grouping">
    <ignored/>
  </testcase> <!-- apiTesting -->
  <testcase name="computerScience" time="0.0" classname="com.TestNG_Aug.Grouping">
    <ignored/>
  </testcase> <!-- computerScience -->
  <testcase name="socialScience" time="0.0" classname="com.TestNG_Aug.Grouping">
    <ignored/>
  </testcase> <!-- socialScience -->
  <testcase name="SeleniumCourse" time="0.0" classname="com.TestNG_Aug.Grouping">
    <ignored/>
  </testcase> <!-- SeleniumCourse -->
  <testcase name="chemistry" time="0.0" classname="com.TestNG_Aug.Grouping">
    <ignored/>
  </testcase> <!-- chemistry -->
</testsuite> <!-- Test -->
