<?xml version="1.0" encoding="UTF-8"?>
<testng-results skipped="0" failed="0" ignored="5" total="12" passed="7">
  <reporter-output>
  </reporter-output>
  <suite name="Suite" duration-ms="193" started-at="2023-01-25T06:19:43 IST" finished-at="2023-01-25T06:19:43 IST">
    <groups>
      <group name="SocialMedia">
        <method signature="Grouping.Instagram()[pri:0, instance:com.TestNG_Aug.Grouping@7113b13f]" name="Instagram" class="com.TestNG_Aug.Grouping"/>
        <method signature="Grouping.Twitter()[pri:0, instance:com.TestNG_Aug.Grouping@7113b13f]" name="Twitter" class="com.TestNG_Aug.Grouping"/>
        <method signature="Grouping.Youtube()[pri:0, instance:com.TestNG_Aug.Grouping@7113b13f]" name="Youtube" class="com.TestNG_Aug.Grouping"/>
        <method signature="Grouping.faceBook()[pri:0, instance:com.TestNG_Aug.Grouping@7113b13f]" name="faceBook" class="com.TestNG_Aug.Grouping"/>
      </group> <!-- SocialMedia -->
      <group name="Games">
        <method signature="Grouping.chessGame()[pri:0, instance:com.TestNG_Aug.Grouping@7113b13f]" name="chessGame" class="com.TestNG_Aug.Grouping"/>
        <method signature="Grouping.criket()[pri:0, instance:com.TestNG_Aug.Grouping@7113b13f]" name="criket" class="com.TestNG_Aug.Grouping"/>
        <method signature="Grouping.foodBall()[pri:0, instance:com.TestNG_Aug.Grouping@7113b13f]" name="foodBall" class="com.TestNG_Aug.Grouping"/>
      </group> <!-- Games -->
    </groups>
    <test name="Test" duration-ms="193" started-at="2023-01-25T06:19:43 IST" finished-at="2023-01-25T06:19:43 IST">
      <class name="com.TestNG_Aug.Grouping">
        <test-method status="PASS" signature="Instagram()[pri:0, instance:com.TestNG_Aug.Grouping@7113b13f]" name="Instagram" duration-ms="25" started-at="2023-01-25T06:19:43 IST" finished-at="2023-01-25T06:19:43 IST">
          <reporter-output>
          </reporter-output>
        </test-method> <!-- Instagram -->
        <test-method status="PASS" signature="Twitter()[pri:0, instance:com.TestNG_Aug.Grouping@7113b13f]" name="Twitter" duration-ms="8" started-at="2023-01-25T06:19:43 IST" finished-at="2023-01-25T06:19:43 IST">
          <reporter-output>
          </reporter-output>
        </test-method> <!-- Twitter -->
        <test-method status="PASS" signature="Youtube()[pri:0, instance:com.TestNG_Aug.Grouping@7113b13f]" name="Youtube" duration-ms="3" started-at="2023-01-25T06:19:43 IST" finished-at="2023-01-25T06:19:43 IST">
          <reporter-output>
          </reporter-output>
        </test-method> <!-- Youtube -->
        <test-method status="PASS" signature="chessGame()[pri:0, instance:com.TestNG_Aug.Grouping@7113b13f]" name="chessGame" duration-ms="3" started-at="2023-01-25T06:19:43 IST" finished-at="2023-01-25T06:19:43 IST">
          <reporter-output>
          </reporter-output>
        </test-method> <!-- chessGame -->
        <test-method status="PASS" signature="criket()[pri:0, instance:com.TestNG_Aug.Grouping@7113b13f]" name="criket" duration-ms="5" started-at="2023-01-25T06:19:43 IST" finished-at="2023-01-25T06:19:43 IST">
          <reporter-output>
          </reporter-output>
        </test-method> <!-- criket -->
        <test-method status="PASS" signature="faceBook()[pri:0, instance:com.TestNG_Aug.Grouping@7113b13f]" name="faceBook" duration-ms="4" started-at="2023-01-25T06:19:43 IST" finished-at="2023-01-25T06:19:43 IST">
          <reporter-output>
          </reporter-output>
        </test-method> <!-- faceBook -->
        <test-method status="PASS" signature="foodBall()[pri:0, instance:com.TestNG_Aug.Grouping@7113b13f]" name="foodBall" duration-ms="5" started-at="2023-01-25T06:19:43 IST" finished-at="2023-01-25T06:19:43 IST">
          <reporter-output>
          </reporter-output>
        </test-method> <!-- foodBall -->
      </class> <!-- com.TestNG_Aug.Grouping -->
    </test> <!-- Test -->
  </suite> <!-- Suite -->
</testng-results>
